<?xml version="1.0" encoding="UTF-8"?>
<!-- Generated by org.testng.reporters.JUnitXMLReporter -->
<testsuite ignored="3" hostname="DESKTOP-3EISRP8" failures="0" tests="3" name="Test" time="9.726" errors="0" timestamp="2023-02-12T19:47:49 GMT-08:00">
  <testcase classname="testngprogram.TestNgGroupTestCase" name="facebook" time="1.468"/>
  <testcase classname="testngprogram.TestNgGroupTestCase" name="twitter" time="2.231"/>
  <testcase classname="testngprogram.TestNgGroupTestCase" name="whatapp" time="1.47"/>
  <testcase classname="testngprogram.TestNgGroupTestCase" name="gmail" time="0.0">
    <ignored/>
  </testcase> <!-- gmail -->
  <testcase classname="testngprogram.TestNgGroupTestCase" name="selenium" time="0.0">
    <ignored/>
  </testcase> <!-- selenium -->
  <testcase classname="testngprogram.TestNgGroupTestCase" name="google" time="0.0">
    <ignored/>
  </testcase> <!-- google -->
</testsuite> <!-- Test -->
