<?xml version="1.0" encoding="UTF-8"?>
<testng-results ignored="0" total="2" passed="2" failed="0" skipped="0">
  <reporter-output>
  </reporter-output>
  <suite started-at="2023-02-13T00:54:25 GMT-08:00" name="Default suite" finished-at="2023-02-13T00:54:50 GMT-08:00" duration-ms="25952">
    <groups>
    </groups>
    <test started-at="2023-02-13T00:54:25 GMT-08:00" name="Default test" finished-at="2023-02-13T00:54:50 GMT-08:00" duration-ms="25952">
      <class name="alertbutton.AlertScrollDownUP">
        <test-method is-config="true" signature="beforeTest()[pri:0, instance:alertbutton.AlertScrollDownUP@6404f418]" started-at="2023-02-13T00:54:25 GMT-08:00" name="beforeTest" finished-at="2023-02-13T00:54:35 GMT-08:00" duration-ms="10285" status="PASS">
          <reporter-output>
          </reporter-output>
        </test-method> <!-- beforeTest -->
        <test-method signature="ScrollDown()[pri:0, instance:alertbutton.AlertScrollDownUP@6404f418]" started-at="2023-02-13T00:54:35 GMT-08:00" name="ScrollDown" finished-at="2023-02-13T00:54:47 GMT-08:00" duration-ms="12559" status="PASS">
          <reporter-output>
          </reporter-output>
        </test-method> <!-- ScrollDown -->
        <test-method signature="ScrollUp()[pri:0, instance:alertbutton.AlertScrollDownUP@6404f418]" started-at="2023-02-13T00:54:47 GMT-08:00" name="ScrollUp" finished-at="2023-02-13T00:54:50 GMT-08:00" duration-ms="3040" status="PASS">
          <reporter-output>
          </reporter-output>
        </test-method> <!-- ScrollUp -->
      </class> <!-- alertbutton.AlertScrollDownUP -->
    </test> <!-- Default test -->
  </suite> <!-- Default suite -->
</testng-results>
